# JRE version: OpenJDK Runtime Environment Temurin-21.0.4+7 (21.0.4+7) (build 21.0.4+7-LTS)
# Java VM: OpenJDK 64-Bit Server VM Temurin-21.0.4+7 (21.0.4+7-LTS, mixed mode, sharing, tiered, compressed oops, compressed class ptrs, g1 gc, windows-amd64)
GC Precious Log:
 CardTable entry size: 512
 Card Set container configuration: InlinePtr #cards 5 size 8 Array Of Cards #cards 12 size 40 Howl #buckets 4 coarsen threshold 1843 Howl Bitmap #cards 512 size 80 coarsen threshold 460 Card regions per heap region 1 cards per card region 2048
 CPUs: 4 total, 4 available
 Memory: 3447M
 Large Page Support: Disabled
 NUMA Support: Disabled
 Compressed Oops: Enabled (32-bit)
 Heap Region Size: 1M
 Heap Min Capacity: 256M
 Heap Initial Capacity: 256M
 Heap Max Capacity: 512M
 Pre-touch: Disabled
 Parallel Workers: 4
 Concurrent Workers: 1
 Concurrent Refinement Workers: 4
 Periodic GC: Disabled
Heap:
 garbage-first heap   total 262144K, used 132096K [0x00000000e0000000, 0x0000000100000000)
  region size 1024K, 9 young (9216K), 2 survivors (2048K)
 Metaspace       used 90004K, committed 92416K, reserved 458752K
  class space    used 12568K, committed 13760K, reserved 327680K
GC Heap History (20 events):
Event: 10.858 GC heap before
{Heap before GC invocations=5 (full 0):
 garbage-first heap   total 262144K, used 73652K [0x00000000e0000000, 0x0000000100000000)
  region size 1024K, 39 young (39936K), 7 survivors (7168K)
 Metaspace       used 34637K, committed 35968K, reserved 393216K
  class space    used 5158K, committed 5824K, reserved 327680K
}
Event: 10.865 GC heap after
{Heap after GC invocations=6 (full 0):
 garbage-first heap   total 262144K, used 44027K [0x00000000e0000000, 0x0000000100000000)
  region size 1024K, 9 young (9216K), 9 survivors (9216K)
 Metaspace       used 34637K, committed 35968K, reserved 393216K
  class space    used 5158K, committed 5824K, reserved 327680K
}
Event: 16.094 GC heap before
{Heap before GC invocations=7 (full 0):
 garbage-first heap   total 262144K, used 209915K [0x00000000e0000000, 0x0000000100000000)
  region size 1024K, 153 young (156672K), 9 survivors (9216K)
 Metaspace       used 51327K, committed 52928K, reserved 393216K
  class space    used 7301K, committed 8064K, reserved 327680K
}
Event: 16.114 GC heap after
{Heap after GC invocations=8 (full 0):
 garbage-first heap   total 262144K, used 69080K [0x00000000e0000000, 0x0000000100000000)
  region size 1024K, 20 young (20480K), 20 survivors (20480K)
 Metaspace       used 51327K, committed 52928K, reserved 393216K
  class space    used 7301K, committed 8064K, reserved 327680K
}
Event: 17.693 GC heap before
{Heap before GC invocations=8 (full 0):
 garbage-first heap   total 262144K, used 154072K [0x00000000e0000000, 0x0000000100000000)
  region size 1024K, 105 young (107520K), 20 survivors (20480K)
 Metaspace       used 58931K, committed 60736K, reserved 393216K
  class space    used 8463K, committed 9344K, reserved 327680K
}
Event: 17.716 GC heap after
{Heap after GC invocations=9 (full 0):
 garbage-first heap   total 262144K, used 74752K [0x00000000e0000000, 0x0000000100000000)
  region size 1024K, 6 young (6144K), 6 survivors (6144K)
 Metaspace       used 58931K, committed 60736K, reserved 393216K
  class space    used 8463K, committed 9344K, reserved 327680K
}
Event: 17.807 GC heap before
{Heap before GC invocations=9 (full 0):
 garbage-first heap   total 262144K, used 76800K [0x00000000e0000000, 0x0000000100000000)
  region size 1024K, 9 young (9216K), 6 survivors (6144K)
 Metaspace       used 59215K, committed 61056K, reserved 393216K
  class space    used 8500K, committed 9408K, reserved 327680K
}
Event: 17.815 GC heap after
{Heap after GC invocations=10 (full 0):
 garbage-first heap   total 262144K, used 74086K [0x00000000e0000000, 0x0000000100000000)
  region size 1024K, 6 young (6144K), 6 survivors (6144K)
 Metaspace       used 59215K, committed 61056K, reserved 393216K
  class space    used 8500K, committed 9408K, reserved 327680K
}
Event: 26.502 GC heap before
{Heap before GC invocations=11 (full 0):
 garbage-first heap   total 262144K, used 236902K [0x00000000e0000000, 0x0000000100000000)
  region size 1024K, 153 young (156672K), 6 survivors (6144K)
 Metaspace       used 74051K, committed 76224K, reserved 393216K
  class space    used 10603K, committed 11648K, reserved 327680K
}
Event: 26.518 GC heap after
{Heap after GC invocations=12 (full 0):
 garbage-first heap   total 262144K, used 101376K [0x00000000e0000000, 0x0000000100000000)
  region size 1024K, 19 young (19456K), 19 survivors (19456K)
 Metaspace       used 74051K, committed 76224K, reserved 393216K
  class space    used 10603K, committed 11648K, reserved 327680K
}
Event: 32.134 GC heap before
{Heap before GC invocations=12 (full 0):
 garbage-first heap   total 262144K, used 227328K [0x00000000e0000000, 0x0000000100000000)
  region size 1024K, 143 young (146432K), 19 survivors (19456K)
 Metaspace       used 81440K, committed 83712K, reserved 458752K
  class space    used 11516K, committed 12608K, reserved 327680K
}
Event: 32.157 GC heap after
{Heap after GC invocations=13 (full 0):
 garbage-first heap   total 262144K, used 108544K [0x00000000e0000000, 0x0000000100000000)
  region size 1024K, 9 young (9216K), 9 survivors (9216K)
 Metaspace       used 81440K, committed 83712K, reserved 458752K
  class space    used 11516K, committed 12608K, reserved 327680K
}
Event: 1390.974 GC heap before
{Heap before GC invocations=13 (full 0):
 garbage-first heap   total 262144K, used 234496K [0x00000000e0000000, 0x0000000100000000)
  region size 1024K, 132 young (135168K), 9 survivors (9216K)
 Metaspace       used 86406K, committed 88704K, reserved 458752K
  class space    used 12068K, committed 13184K, reserved 327680K
}
Event: 1391.246 GC heap after
{Heap after GC invocations=14 (full 0):
 garbage-first heap   total 262144K, used 114176K [0x00000000e0000000, 0x0000000100000000)
  region size 1024K, 15 young (15360K), 15 survivors (15360K)
 Metaspace       used 86406K, committed 88704K, reserved 458752K
  class space    used 12068K, committed 13184K, reserved 327680K
}
Event: 1396.087 GC heap before
{Heap before GC invocations=14 (full 0):
 garbage-first heap   total 262144K, used 181760K [0x00000000e0000000, 0x0000000100000000)
  region size 1024K, 82 young (83968K), 15 survivors (15360K)
 Metaspace       used 87044K, committed 89472K, reserved 458752K
  class space    used 12131K, committed 13312K, reserved 327680K
}
Event: 1396.154 GC heap after
{Heap after GC invocations=15 (full 0):
 garbage-first heap   total 262144K, used 118784K [0x00000000e0000000, 0x0000000100000000)
  region size 1024K, 5 young (5120K), 5 survivors (5120K)
 Metaspace       used 87044K, committed 89472K, reserved 458752K
  class space    used 12131K, committed 13312K, reserved 327680K
}
Event: 1488.759 GC heap before
{Heap before GC invocations=15 (full 0):
 garbage-first heap   total 262144K, used 234496K [0x00000000e0000000, 0x0000000100000000)
  region size 1024K, 119 young (121856K), 5 survivors (5120K)
 Metaspace       used 89681K, committed 92096K, reserved 458752K
  class space    used 12522K, committed 13696K, reserved 327680K
}
Event: 1489.042 GC heap after
{Heap after GC invocations=16 (full 0):
 garbage-first heap   total 262144K, used 128608K [0x00000000e0000000, 0x0000000100000000)
  region size 1024K, 15 young (15360K), 15 survivors (15360K)
 Metaspace       used 89681K, committed 92096K, reserved 458752K
  class space    used 12522K, committed 13696K, reserved 327680K
}
Event: 1534.788 GC heap before
{Heap before GC invocations=16 (full 0):
 garbage-first heap   total 262144K, used 148064K [0x00000000e0000000, 0x0000000100000000)
  region size 1024K, 35 young (35840K), 15 survivors (15360K)
 Metaspace       used 89964K, committed 92352K, reserved 458752K
  class space    used 12567K, committed 13760K, reserved 327680K
}
Event: 1535.044 GC heap after
{Heap after GC invocations=17 (full 0):
 garbage-first heap   total 262144K, used 125952K [0x00000000e0000000, 0x0000000100000000)
  region size 1024K, 2 young (2048K), 2 survivors (2048K)
 Metaspace       used 89964K, committed 92352K, reserved 458752K
  class space    used 12567K, committed 13760K, reserved 327680K
}

